Standard Commons Logging discovery in action with spring-jcl: please remove commons-logging.jar from classpath in order to avoid potential conflicts

  .   ____          _            __ _ _
 /\\ / ___'_ __ _ _(_)_ __  __ _ \ \ \ \
( ( )\___ | '_ | '_| | '_ \/ _` | \ \ \ \
 \\/  ___)| |_)| | | | | || (_| |  ) ) ) )
  '  |____| .__|_| |_|_| |_\__, | / / / /
 =========|_|==============|___/=/_/_/_/

 :: Spring Boot ::               (v3.5.16)

2026-07-07T08:48:07.151+08:00  INFO 6328 --- [aurora-springboot] [           main] com.aurora.AuroraSpringbootApplication   : Starting AuroraSpringbootApplication using Java 25.0.3 with PID 6328 (D:\0trea-make-app\хАх­ІцфНфИ\щцч\aurora-springboot\target\aurora-springboot-0.0.1.jar started by хМ ххЎ in D:\0trea-make-app\хАх­ІцфНфИ)
2026-07-07T08:48:07.155+08:00  INFO 6328 --- [aurora-springboot] [           main] com.aurora.AuroraSpringbootApplication   : The following 1 profile is active: "dev"
2026-07-07T08:48:08.412+08:00  INFO 6328 --- [aurora-springboot] [           main] .s.d.r.c.RepositoryConfigurationDelegate : Multiple Spring Data modules found, entering strict repository configuration mode
2026-07-07T08:48:08.424+08:00  INFO 6328 --- [aurora-springboot] [           main] .s.d.r.c.RepositoryConfigurationDelegate : Bootstrapping Spring Data Elasticsearch repositories in DEFAULT mode.
2026-07-07T08:48:08.590+08:00  INFO 6328 --- [aurora-springboot] [           main] .s.d.r.c.RepositoryConfigurationDelegate : Finished Spring Data repository scanning in 159 ms. Found 1 Elasticsearch repository interface.
2026-07-07T08:48:08.602+08:00  INFO 6328 --- [aurora-springboot] [           main] .s.d.r.c.RepositoryConfigurationDelegate : Multiple Spring Data modules found, entering strict repository configuration mode
2026-07-07T08:48:08.603+08:00  INFO 6328 --- [aurora-springboot] [           main] .s.d.r.c.RepositoryConfigurationDelegate : Bootstrapping Spring Data Reactive Elasticsearch repositories in DEFAULT mode.
2026-07-07T08:48:08.614+08:00  INFO 6328 --- [aurora-springboot] [           main] .s.d.r.c.RepositoryConfigurationDelegate : Finished Spring Data repository scanning in 8 ms. Found 0 Reactive Elasticsearch repository interfaces.
2026-07-07T08:48:08.639+08:00  INFO 6328 --- [aurora-springboot] [           main] .s.d.r.c.RepositoryConfigurationDelegate : Multiple Spring Data modules found, entering strict repository configuration mode
2026-07-07T08:48:08.643+08:00  INFO 6328 --- [aurora-springboot] [           main] .s.d.r.c.RepositoryConfigurationDelegate : Bootstrapping Spring Data Redis repositories in DEFAULT mode.
2026-07-07T08:48:08.664+08:00  INFO 6328 --- [aurora-springboot] [           main] .RepositoryConfigurationExtensionSupport : Spring Data Redis - Could not safely identify store assignment for repository candidate interface com.aurora.repository.ElasticsearchMapper; If you want this repository to be a Redis repository, consider annotating your entities with one of these annotations: org.springframework.data.redis.core.RedisHash (preferred), or consider extending one of the following types with your repository: org.springframework.data.keyvalue.repository.KeyValueRepository
2026-07-07T08:48:08.665+08:00  INFO 6328 --- [aurora-springboot] [           main] .s.d.r.c.RepositoryConfigurationDelegate : Finished Spring Data repository scanning in 11 ms. Found 0 Redis repository interfaces.
2026-07-07T08:48:10.157+08:00  INFO 6328 --- [aurora-springboot] [           main] o.s.b.w.embedded.tomcat.TomcatWebServer  : Tomcat initialized with port 8081 (http)
2026-07-07T08:48:10.173+08:00  INFO 6328 --- [aurora-springboot] [           main] o.apache.catalina.core.StandardService   : Starting service [Tomcat]
2026-07-07T08:48:10.176+08:00  INFO 6328 --- [aurora-springboot] [           main] o.apache.catalina.core.StandardEngine    : Starting Servlet engine: [Apache Tomcat/10.1.55]
2026-07-07T08:48:10.247+08:00  INFO 6328 --- [aurora-springboot] [           main] o.a.c.c.C.[Tomcat].[localhost].[/]       : Initializing Spring embedded WebApplicationContext
2026-07-07T08:48:10.251+08:00  INFO 6328 --- [aurora-springboot] [           main] w.s.c.ServletWebServerApplicationContext : Root WebApplicationContext: initialization completed in 3032 ms
Standard Commons Logging discovery in action with spring-jcl: please remove commons-logging.jar from classpath in order to avoid potential conflicts
Logging initialized using 'class org.apache.ibatis.logging.stdout.StdOutImpl' adapter.
Get /10.105.141.39 network interface 
Get network interface info: name:wireless_32768 (Intel(R) Wi-Fi 6 AX201 160MHz)
Initialization Sequence datacenterId:19 workerId:11
 _ _   |_  _ _|_. ___ _ |    _ 
| | |\/|_)(_| | |_\  |_)||_|_\ 
     /               |         
                        3.5.9 
Creating a new SqlSession
SqlSession [org.apache.ibatis.session.defaults.DefaultSqlSession@143fe09c] was not registered for synchronization because synchronization is not active
2026-07-07T08:48:11.913+08:00  WARN 6328 --- [aurora-springboot] [           main] com.zaxxer.hikari.HikariConfig           : MyHikariCP - keepaliveTime is greater than or equal to maxLifetime, disabling it.
2026-07-07T08:48:11.915+08:00  WARN 6328 --- [aurora-springboot] [           main] com.zaxxer.hikari.HikariConfig           : MyHikariCP - idleTimeout is close to or more than maxLifetime, disabling it.
2026-07-07T08:48:11.916+08:00  INFO 6328 --- [aurora-springboot] [           main] com.zaxxer.hikari.HikariDataSource       : MyHikariCP - Starting...
2026-07-07T08:48:12.172+08:00  INFO 6328 --- [aurora-springboot] [           main] com.zaxxer.hikari.pool.HikariPool        : MyHikariCP - Added connection com.mysql.cj.jdbc.ConnectionImpl@309e7215
2026-07-07T08:48:12.176+08:00  INFO 6328 --- [aurora-springboot] [           main] com.zaxxer.hikari.HikariDataSource       : MyHikariCP - Start completed.
JDBC Connection [HikariProxyConnection@1877161893 wrapping com.mysql.cj.jdbc.ConnectionImpl@309e7215] will not be managed by Spring
==>  Preparing: select re.id as id, url, request_method, role_name from t_resource re left join t_role_resource rr on re.id = rr.resource_id left join t_role ro on rr.role_id = ro.id where re.parent_id is not null and is_anonymous = 0;
==> Parameters: 
<==    Columns: id, url, request_method, role_name
<==        Row: 1070, /admin, GET, test
<==        Row: 1070, /admin, GET, admin
<==        Row: 1071, /admin/about, PUT, admin
<==        Row: 1072, /admin/articles, GET, test
<==        Row: 1072, /admin/articles, GET, admin
<==        Row: 1073, /admin/articles, POST, admin
<==        Row: 1074, /admin/articles, PUT, admin
<==        Row: 1075, /admin/articles/delete, DELETE, admin
<==        Row: 1076, /admin/articles/export, POST, admin
<==        Row: 1077, /admin/articles/images, POST, admin
<==        Row: 1078, /admin/articles/import, POST, admin
<==        Row: 1079, /admin/articles/topAndFeatured, PUT, admin
<==        Row: 1080, /admin/articles/*, GET, test
<==        Row: 1080, /admin/articles/*, GET, admin
<==        Row: 1081, /admin/categories, GET, test
<==        Row: 1081, /admin/categories, GET, admin
<==        Row: 1082, /admin/categories, POST, admin
<==        Row: 1083, /admin/categories, DELETE, admin
<==        Row: 1084, /admin/categories/search, GET, test
<==        Row: 1084, /admin/categories/search, GET, admin
<==        Row: 1085, /admin/comments, GET, test
<==        Row: 1085, /admin/comments, GET, admin
<==        Row: 1086, /admin/comments, DELETE, admin
<==        Row: 1087, /admin/comments/review, PUT, admin
<==        Row: 1088, /admin/config/images, POST, admin
<==        Row: 1089, /admin/jobLogs, GET, test
<==        Row: 1089, /admin/jobLogs, GET, admin
<==        Row: 1090, /admin/jobLogs, DELETE, admin
<==        Row: 1091, /admin/jobLogs/clean, DELETE, admin
<==        Row: 1092, /admin/jobLogs/jobGroups, GET, test
<==        Row: 1092, /admin/jobLogs/jobGroups, GET, admin
<==        Row: 1093, /admin/jobs, GET, test
<==        Row: 1093, /admin/jobs, GET, admin
<==        Row: 1094, /admin/jobs, POST, admin
<==        Row: 1095, /admin/jobs, PUT, admin
<==        Row: 1096, /admin/jobs, DELETE, admin
<==        Row: 1097, /admin/jobs/jobGroups, GET, test
<==        Row: 1097, /admin/jobs/jobGroups, GET, admin
<==        Row: 1098, /admin/jobs/run, PUT, admin
<==        Row: 1099, /admin/jobs/status, PUT, admin
<==        Row: 1100, /admin/jobs/*, GET, test
<==        Row: 1100, /admin/jobs/*, GET, admin
<==        Row: 1101, /admin/links, GET, test
<==        Row: 1101, /admin/links, GET, admin
<==        Row: 1102, /admin/links, POST, admin
<==        Row: 1103, /admin/links, DELETE, admin
<==        Row: 1104, /admin/menus, GET, test
<==        Row: 1104, /admin/menus, GET, admin
<==        Row: 1105, /admin/menus, POST, admin
<==        Row: 1106, /admin/menus/isHidden, PUT, admin
<==        Row: 1107, /admin/menus/*, DELETE, admin
<==        Row: 1108, /admin/operation/logs, GET, test
<==        Row: 1108, /admin/operation/logs, GET, admin
<==        Row: 1109, /admin/operation/logs, DELETE, admin
<==        Row: 1110, /admin/photos, GET, test
<==        Row: 1110, /admin/photos, GET, admin
<==        Row: 1111, /admin/photos, POST, admin
<==        Row: 1112, /admin/photos, PUT, admin
<==        Row: 1113, /admin/photos, DELETE, admin
<==        Row: 1114, /admin/photos/album, PUT, admin
<==        Row: 1115, /admin/photos/albums, GET, test
<==        Row: 1115, /admin/photos/albums, GET, admin
<==        Row: 1116, /admin/photos/albums, POST, admin
<==        Row: 1117, /admin/photos/albums/cover, POST, admin
<==        Row: 1118, /admin/photos/albums/info, GET, test
<==        Row: 1118, /admin/photos/albums/info, GET, admin
<==        Row: 1119, /admin/photos/albums/*, DELETE, admin
<==        Row: 1120, /admin/photos/albums/*/info, GET, admin
<==        Row: 1121, /admin/photos/delete, PUT, admin
<==        Row: 1122, /admin/resources, GET, test
<==        Row: 1122, /admin/resources, GET, admin
<==        Row: 1123, /admin/resources, POST, admin
<==        Row: 1124, /admin/resources/*, DELETE, admin
<==        Row: 1125, /admin/role, POST, admin
<==        Row: 1126, /admin/role/menus, GET, test
<==        Row: 1126, /admin/role/menus, GET, admin
<==        Row: 1127, /admin/role/resources, GET, test
<==        Row: 1127, /admin/role/resources, GET, admin
<==        Row: 1128, /admin/roles, GET, test
<==        Row: 1128, /admin/roles, GET, admin
<==        Row: 1129, /admin/roles, DELETE, admin
<==        Row: 1130, /admin/tags, GET, test
<==        Row: 1130, /admin/tags, GET, admin
<==        Row: 1131, /admin/tags, POST, admin
<==        Row: 1132, /admin/tags, DELETE, admin
<==        Row: 1133, /admin/tags/search, GET, test
<==        Row: 1133, /admin/tags/search, GET, admin
<==        Row: 1134, /admin/talks, GET, test
<==        Row: 1134, /admin/talks, GET, admin
<==        Row: 1135, /admin/talks, POST, admin
<==        Row: 1136, /admin/talks, DELETE, admin
<==        Row: 1137, /admin/talks/images, POST, admin
<==        Row: 1139, /admin/user/menus, GET, test
<==        Row: 1139, /admin/user/menus, GET, admin
<==        Row: 1140, /admin/users, GET, test
<==        Row: 1140, /admin/users, GET, admin
<==        Row: 1141, /admin/users/area, GET, test
<==        Row: 1141, /admin/users/area, GET, admin
<==        Row: 1142, /admin/users/disable, PUT, admin
<==        Row: 1143, /admin/users/online, GET, test
<==        Row: 1143, /admin/users/online, GET, admin
<==        Row: 1144, /admin/users/password, PUT, admin
<==        Row: 1145, /admin/users/role, GET, test
<==        Row: 1145, /admin/users/role, GET, admin
<==        Row: 1146, /admin/users/role, PUT, admin
<==        Row: 1146, /admin/users/role, PUT, user
<==        Row: 1147, /admin/users/*/online, DELETE, admin
<==        Row: 1148, /admin/website/config, GET, test
<==        Row: 1148, /admin/website/config, GET, admin
<==        Row: 1149, /admin/website/config, PUT, admin
<==        Row: 1167, /comments/save, POST, admin
<==        Row: 1167, /comments/save, POST, user
<==        Row: 1187, /admin/exception/logs, GET, test
<==        Row: 1187, /admin/exception/logs, GET, admin
<==        Row: 1188, /admin/exception/logs, DELETE, admin
<==      Total: 115
Closing non transactional SqlSession [org.apache.ibatis.session.defaults.DefaultSqlSession@143fe09c]
2026-07-07T08:48:14.876+08:00  INFO 6328 --- [aurora-springboot] [           main] org.quartz.impl.StdSchedulerFactory      : Using default implementation for ThreadExecutor
2026-07-07T08:48:14.888+08:00  INFO 6328 --- [aurora-springboot] [           main] org.quartz.core.SchedulerSignalerImpl    : Initialized Scheduler Signaller of type: class org.quartz.core.SchedulerSignalerImpl
2026-07-07T08:48:14.889+08:00  INFO 6328 --- [aurora-springboot] [           main] org.quartz.core.QuartzScheduler          : Quartz Scheduler v2.5.2 created.
2026-07-07T08:48:14.889+08:00  INFO 6328 --- [aurora-springboot] [           main] org.quartz.simpl.RAMJobStore             : RAMJobStore initialized.
2026-07-07T08:48:14.889+08:00  INFO 6328 --- [aurora-springboot] [           main] org.quartz.core.QuartzScheduler          : Scheduler meta-data: Quartz Scheduler (v2.5.2) 'quartzScheduler' with instanceId 'NON_CLUSTERED'
  Scheduler class: 'org.quartz.core.QuartzScheduler' - running locally.
  NOT STARTED.
  Currently in standby mode.
  Number of jobs executed: 0
  Using thread pool 'org.quartz.simpl.SimpleThreadPool' - with 10 threads.
  Using job-store 'org.quartz.simpl.RAMJobStore' - which does not support persistence. and is not clustered.

2026-07-07T08:48:14.891+08:00  INFO 6328 --- [aurora-springboot] [           main] org.quartz.impl.StdSchedulerFactory      : Quartz scheduler 'quartzScheduler' initialized from an externally provided properties instance.
2026-07-07T08:48:14.891+08:00  INFO 6328 --- [aurora-springboot] [           main] org.quartz.impl.StdSchedulerFactory      : Quartz scheduler version: 2.5.2
2026-07-07T08:48:14.891+08:00  INFO 6328 --- [aurora-springboot] [           main] org.quartz.core.QuartzScheduler          : JobFactory set to: org.springframework.scheduling.quartz.SpringBeanJobFactory@2d18d9ed
Creating a new SqlSession
SqlSession [org.apache.ibatis.session.defaults.DefaultSqlSession@4af0ae2c] was not registered for synchronization because synchronization is not active
JDBC Connection [HikariProxyConnection@2083062342 wrapping com.mysql.cj.jdbc.ConnectionImpl@309e7215] will not be managed by Spring
==>  Preparing: SELECT id,job_name,job_group,invoke_target,cron_expression,misfire_policy,concurrent,status,create_time,update_time,remark FROM t_job
==> Parameters: 
<==    Columns: id, job_name, job_group, invoke_target, cron_expression, misfire_policy, concurrent, status, create_time, update_time, remark
<==        Row: 81, ЭГМЦгУЛЇЕигђЗжВМ, ФЌШЯ, auroraQuartz.statisticalUserArea, 0 0,30 * * * ?, 3, 1, 1, 2022-08-11 21:49:27, 2022-08-13 08:49:47, ЭГМЦгУЛЇЕФЕигђЗжВМ
<==        Row: 82, ЭГМЦЗУЮЪСП, ФЌШЯ, auroraQuartz.saveUniqueView, 0 0 0 * * ?, 3, 1, 1, 2022-08-12 16:35:11, null, ЯђЪ§ОнПтжааДШыУПЬьЕФЗУЮЪСП
<==        Row: 83, ЧхПеredisЗУПЭМЧТМ, ФЌШЯ, auroraQuartz.clear, 0 0 1 * * ?, 3, 1, 1, 2022-08-12 16:36:30, 2022-08-13 08:47:48, ЧхПеredisЗУПЭМЧТМ
<==        Row: 84, АйЖШSEO, ФЌШЯ, auroraQuartz.baiduSeo, 0 0/10 * * * ?, 3, 1, 1, 2022-08-13 21:19:08, 2022-08-19 14:13:52, АйЖШSEO
<==        Row: 85, ЧхРэЖЈЪБШЮЮёШежО, ФЌШЯ, auroraQuartz.clearJobLogs, 0 0 0 * * ?, 3, 1, 1, 2022-08-13 21:26:21, null, ЧхРэЖЈЪБШЮЮёШежО
<==      Total: 5
Closing non transactional SqlSession [org.apache.ibatis.session.defaults.DefaultSqlSession@4af0ae2c]
2026-07-07T08:48:15.786+08:00  INFO 6328 --- [aurora-springboot] [           main] r$InitializeUserDetailsManagerConfigurer : Global AuthenticationManager configured with UserDetailsService bean with name userDetailServiceImpl
2026-07-07T08:48:16.154+08:00  WARN 6328 --- [aurora-springboot] [           main] o.s.r.backoff.ExponentialBackOffPolicy   : Multiplier must be > 1.0 for effective exponential backoff, but was 1.0
2026-07-07T08:48:16.492+08:00  INFO 6328 --- [aurora-springboot] [           main] o.s.b.w.embedded.tomcat.TomcatWebServer  : Tomcat started on port 8081 (http) with context path '/'
2026-07-07T08:48:16.495+08:00  INFO 6328 --- [aurora-springboot] [           main] o.s.a.r.c.CachingConnectionFactory       : Attempting to connect to: [localhost:5672]
2026-07-07T08:48:16.536+08:00  INFO 6328 --- [aurora-springboot] [           main] o.s.a.r.c.CachingConnectionFactory       : Created new connection: rabbitConnectionFactory#4a985388:0/SimpleConnection@31e08c61 [delegate=amqp://aurora@127.0.0.1:5672/, localPort=27027]
2026-07-07T08:48:16.618+08:00  INFO 6328 --- [aurora-springboot] [           main] o.s.s.quartz.SchedulerFactoryBean        : Starting Quartz Scheduler now
2026-07-07T08:48:16.619+08:00  INFO 6328 --- [aurora-springboot] [           main] org.quartz.core.QuartzScheduler          : Scheduler quartzScheduler_$_NON_CLUSTERED started.
2026-07-07T08:48:16.632+08:00  INFO 6328 --- [aurora-springboot] [           main] com.aurora.AuroraSpringbootApplication   : Started AuroraSpringbootApplication in 9.991 seconds (process running for 10.559)
2026-07-07T08:48:40.710+08:00  INFO 6328 --- [aurora-springboot] [nio-8081-exec-1] o.a.c.c.C.[Tomcat].[localhost].[/]       : Initializing Spring DispatcherServlet 'dispatcherServlet'
2026-07-07T08:48:40.711+08:00  INFO 6328 --- [aurora-springboot] [nio-8081-exec-1] o.s.web.servlet.DispatcherServlet        : Initializing Servlet 'dispatcherServlet'
2026-07-07T08:48:40.713+08:00  INFO 6328 --- [aurora-springboot] [nio-8081-exec-1] o.s.web.servlet.DispatcherServlet        : Completed initialization in 1 ms
2026-07-07T08:48:40.753+08:00  WARN 6328 --- [aurora-springboot] [nio-8081-exec-1] c.a.handler.ControllerAdviceHandler      : чМКхАхПхЁЋхцА: tagId
2026-07-07T08:48:40.826+08:00  WARN 6328 --- [aurora-springboot] [nio-8081-exec-7] c.a.handler.ControllerAdviceHandler      : чМКхАхПхЁЋхцА: categoryId
2026-07-07T08:48:40.843+08:00  WARN 6328 --- [aurora-springboot] [nio-8081-exec-9] c.a.handler.ControllerAdviceHandler      : щцшЕцКфИх­хЈ: GET notexist
2026-07-07T08:48:40.856+08:00  WARN 6328 --- [aurora-springboot] [nio-8081-exec-4] c.a.handler.ControllerAdviceHandler      : шЏЗцБцЙцГфИцЏц: POST Request method 'POST' is not supported
Creating a new SqlSession
Creating a new SqlSession
SqlSession [org.apache.ibatis.session.defaults.DefaultSqlSession@41a263b4] was not registered for synchronization because synchronization is not active
Creating a new SqlSession
SqlSession [org.apache.ibatis.session.defaults.DefaultSqlSession@3a180b35] was not registered for synchronization because synchronization is not active
SqlSession [org.apache.ibatis.session.defaults.DefaultSqlSession@2fb91528] was not registered for synchronization because synchronization is not active
JDBC Connection [HikariProxyConnection@240685003 wrapping com.mysql.cj.jdbc.ConnectionImpl@309e7215] will not be managed by Spring
JDBC Connection [HikariProxyConnection@1615066260 wrapping com.mysql.cj.jdbc.ConnectionImpl@734bde1] will not be managed by Spring
==>  Preparing: SELECT COUNT( * ) AS total FROM t_talk
JDBC Connection [HikariProxyConnection@1977804861 wrapping com.mysql.cj.jdbc.ConnectionImpl@fd90417] will not be managed by Spring
==>  Preparing: SELECT COUNT( * ) AS total FROM t_category
==> Parameters: 
==>  Preparing: SELECT COUNT( * ) AS total FROM t_tag
==> Parameters: 
==> Parameters: 
<==    Columns: total
<==    Columns: total
<==    Columns: total
<==        Row: 0
<==        Row: 0
<==        Row: 0
<==      Total: 1
<==      Total: 1
<==      Total: 1
Closing non transactional SqlSession [org.apache.ibatis.session.defaults.DefaultSqlSession@3a180b35]
Closing non transactional SqlSession [org.apache.ibatis.session.defaults.DefaultSqlSession@41a263b4]
Creating a new SqlSession
Closing non transactional SqlSession [org.apache.ibatis.session.defaults.DefaultSqlSession@2fb91528]
SqlSession [org.apache.ibatis.session.defaults.DefaultSqlSession@2223175a] was not registered for synchronization because synchronization is not active
JDBC Connection [HikariProxyConnection@1000065175 wrapping com.mysql.cj.jdbc.ConnectionImpl@309e7215] will not be managed by Spring
==>  Preparing: SELECT COUNT( * ) AS total FROM t_article WHERE (is_delete = ?)
==> Parameters: 0(Integer)
<==    Columns: total
<==        Row: 0
<==      Total: 1
Closing non transactional SqlSession [org.apache.ibatis.session.defaults.DefaultSqlSession@2223175a]
Creating a new SqlSession
Creating a new SqlSession
SqlSession [org.apache.ibatis.session.defaults.DefaultSqlSession@1c9a0e8b] was not registered for synchronization because synchronization is not active
SqlSession [org.apache.ibatis.session.defaults.DefaultSqlSession@63baecc2] was not registered for synchronization because synchronization is not active
JDBC Connection [HikariProxyConnection@949508094 wrapping com.mysql.cj.jdbc.ConnectionImpl@fd90417] will not be managed by Spring
JDBC Connection [HikariProxyConnection@457612223 wrapping com.mysql.cj.jdbc.ConnectionImpl@309e7215] will not be managed by Spring
==>  Preparing: SELECT COUNT( * ) AS total FROM t_article WHERE (is_delete = ? AND status IN (?,?))
==>  Preparing: SELECT a.id AS id, article_cover, article_title, if(article_abstract is null or article_abstract = '', SUBSTR(article_content, 1, 500), article_abstract) AS article_content, is_top, is_featured, status, a.create_time AS create_time, a.update_time AS update_time, u.nickname AS author_nickname, u.website AS author_website, u.avatar AS author_avatar, c.category_name AS category_name, tag_name FROM (SELECT id, user_id, category_id, article_cover, article_abstract, article_title, article_content, is_top, is_featured, is_delete, status, create_time, update_time FROM t_article where is_delete = 0 and status in (1, 2) order by id desc LIMIT ? , ?) a LEFT JOIN t_article_tag at ON a.id = at.article_id LEFT JOIN t_tag t ON t.id = at.tag_id LEFT JOIN t_category c ON a.category_id = c.id LEFT JOIN t_user_info u ON a.user_id = u.id
==> Parameters: 0(Integer), 1(Integer), 2(Integer)
<==    Columns: total
==> Parameters: 0(Long), 10(Long)
<==        Row: 0
<==      Total: 1
Closing non transactional SqlSession [org.apache.ibatis.session.defaults.DefaultSqlSession@1c9a0e8b]
<==      Total: 0
Closing non transactional SqlSession [org.apache.ibatis.session.defaults.DefaultSqlSession@63baecc2]
Creating a new SqlSession
SqlSession [org.apache.ibatis.session.defaults.DefaultSqlSession@4ce37143] was not registered for synchronization because synchronization is not active
JDBC Connection [HikariProxyConnection@1109690031 wrapping com.mysql.cj.jdbc.ConnectionImpl@309e7215] will not be managed by Spring
==>  Preparing: SELECT c.id, c.category_name, COUNT(a.id) AS article_count FROM t_category c LEFT JOIN ( SELECT * FROM t_article WHERE is_delete = 0 and status in (1, 2) ) a ON c.id = a.category_id GROUP BY c.id
==> Parameters: 
<==      Total: 0
Closing non transactional SqlSession [org.apache.ibatis.session.defaults.DefaultSqlSession@4ce37143]
Creating a new SqlSession
SqlSession [org.apache.ibatis.session.defaults.DefaultSqlSession@4cb33804] was not registered for synchronization because synchronization is not active
JDBC Connection [HikariProxyConnection@1114955746 wrapping com.mysql.cj.jdbc.ConnectionImpl@309e7215] will not be managed by Spring
==>  Preparing: SELECT t.id, tag_name, COUNT(aat.article_id) AS count FROM t_tag t LEFT JOIN ( SELECT a.id AS article_id, at.tag_id AS tag_id FROM t_article_tag at LEFT JOIN t_article a ON at.article_id = a.id WHERE a.is_delete = 0 AND a.STATUS in (1, 2) ) aat ON t.id = aat.tag_id GROUP BY t.id
==> Parameters: 
<==      Total: 0
Closing non transactional SqlSession [org.apache.ibatis.session.defaults.DefaultSqlSession@4cb33804]
Creating a new SqlSession
SqlSession [org.apache.ibatis.session.defaults.DefaultSqlSession@6c8692e9] was not registered for synchronization because synchronization is not active
JDBC Connection [HikariProxyConnection@1495255656 wrapping com.mysql.cj.jdbc.ConnectionImpl@1560a78] will not be managed by Spring
==>  Preparing: SELECT id,user_id,category_id,article_cover,article_title,article_abstract,article_content,is_top,is_featured,is_delete,status,type,password,original_url,create_time,update_time FROM t_article
==> Parameters: 
<==      Total: 0
Closing non transactional SqlSession [org.apache.ibatis.session.defaults.DefaultSqlSession@6c8692e9]
Creating a new SqlSession
SqlSession [org.apache.ibatis.session.defaults.DefaultSqlSession@6467d12b] was not registered for synchronization because synchronization is not active
2026-07-07T08:50:00.037+08:00  INFO 6328 --- [aurora-springboot] [eduler_Worker-1] com.aurora.handler.MyMetaObjectHandler   : start insert fill ....
JDBC Connection [HikariProxyConnection@198111132 wrapping com.mysql.cj.jdbc.ConnectionImpl@1560a78] will not be managed by Spring
==>  Preparing: INSERT INTO t_job_log ( job_id, job_name, job_group, invoke_target, job_message, status, create_time, start_time, end_time ) VALUES ( ?, ?, ?, ?, ?, ?, ?, ?, ? )
==> Parameters: 84(Integer), АйЖШSEO(String), ФЌШЯ(String), auroraQuartz.baiduSeo(String), АйЖШSEO змЙВКФЪБЃК16КСУы(String), 1(Integer), 2026-07-07T08:50:00.038467500(LocalDateTime), 2026-07-07 08:50:00.016(Timestamp), 2026-07-07 08:50:00.032(Timestamp)
<==    Updates: 1
Closing non transactional SqlSession [org.apache.ibatis.session.defaults.DefaultSqlSession@6467d12b]
